[debug] [2025-02-11T00:25:14.351Z] ----------------------------------------------------------------------
[debug] [2025-02-11T00:25:14.353Z] Command:       /Users/Gret/.nvm/versions/node/v22.13.0/bin/node /Users/Gret/.nvm/versions/node/v22.13.0/bin/firebase apphosting:backends:create --project threeangle-studio --location us-central1
[debug] [2025-02-11T00:25:14.353Z] CLI Version:   13.30.0
[debug] [2025-02-11T00:25:14.353Z] Platform:      darwin
[debug] [2025-02-11T00:25:14.353Z] Node Version:  v22.13.0
[debug] [2025-02-11T00:25:14.354Z] Time:          Mon Feb 10 2025 19:25:14 GMT-0500 (Eastern Standard Time)
[debug] [2025-02-11T00:25:14.354Z] ----------------------------------------------------------------------
[debug] 
[debug] [2025-02-11T00:25:14.484Z] Checked if tokens are valid: true, expires at: 1739235138915
[debug] [2025-02-11T00:25:14.484Z] Checked if tokens are valid: true, expires at: 1739235138915
[debug] [2025-02-11T00:25:14.485Z] >>> [apiv2][query] GET https://serviceusage.googleapis.com/v1/projects/threeangle-studio/services/firebaseapphosting.googleapis.com [none]
[debug] [2025-02-11T00:25:14.485Z] >>> [apiv2][(partial)header] GET https://serviceusage.googleapis.com/v1/projects/threeangle-studio/services/firebaseapphosting.googleapis.com x-goog-quota-user=projects/threeangle-studio
[debug] [2025-02-11T00:25:15.032Z] <<< [apiv2][status] GET https://serviceusage.googleapis.com/v1/projects/threeangle-studio/services/firebaseapphosting.googleapis.com 200
[debug] [2025-02-11T00:25:15.033Z] <<< [apiv2][body] GET https://serviceusage.googleapis.com/v1/projects/threeangle-studio/services/firebaseapphosting.googleapis.com [omitted]
[debug] [2025-02-11T00:25:15.033Z] Checked if tokens are valid: true, expires at: 1739235138915
[debug] [2025-02-11T00:25:15.033Z] Checked if tokens are valid: true, expires at: 1739235138915
[debug] [2025-02-11T00:25:15.033Z] >>> [apiv2][query] GET https://mobilesdk-pa.googleapis.com/v1/accessmanagement/tos:getStatus [none]
[debug] [2025-02-11T00:25:15.321Z] <<< [apiv2][status] GET https://mobilesdk-pa.googleapis.com/v1/accessmanagement/tos:getStatus 200
[debug] [2025-02-11T00:25:15.322Z] <<< [apiv2][body] GET https://mobilesdk-pa.googleapis.com/v1/accessmanagement/tos:getStatus {"overallStatus":"ACCEPTED","uTosStatus":{"tos":{"id":"firebase","tosId":"FIREBASE_UNIVERSAL"},"status":"ACCEPTED"},"childTosStatus":[{"tos":{"id":"cloud","tosId":"CLOUD_PLATFORM"},"status":"ACCEPTED"},{"tos":{"id":"firebase_b2b","tosId":"FIREBASE_B2B"},"status":"ACCEPTED"},{"tos":{"id":"universal","tosId":"GOOGLE_APIS"},"status":"ACCEPTED"}],"termsUrl":"https://firebase.google.com/terms","perServiceStatus":[{"tosId":"APP_CHECK","serviceStatus":{"tos":{"id":"app_check","tosId":"APP_CHECK"},"status":"ACCEPTED"}},{"tosId":"APP_HOSTING_TOS","serviceStatus":{"tos":{"id":"app_hosting","tosId":"APP_HOSTING_TOS"},"status":"ACCEPTED"}},{"tosId":"FIREBASE_DATA_CONNECT","serviceStatus":{"tos":{"id":"data_connect","tosId":"FIREBASE_DATA_CONNECT"},"status":"ACCEPTED"}},{"tosId":"CORE_APPS","serviceStatus":{"tos":{"id":"core_apps","tosId":"CORE_APPS"},"status":"ACCEPTED"}},{"tosId":"VERTEX_AI_IN_FIREBASE","serviceStatus":{"tos":{"id":"vertex_ai_in_firebase","tosId":"VERTEX_AI_IN_FIREBASE"},"status":"ACCEPTED"}},{"tosId":"FIREBASE_CRASHLYTICS_APP_DISTRIBUTION","serviceStatus":{"tos":{"id":"firebase_crashlytics_app_distribution","tosId":"FIREBASE_CRASHLYTICS_APP_DISTRIBUTION"},"status":"ACCEPTED"}},{"tosId":"GENERATIVE_LANGUAGE","serviceStatus":{"tos":{"id":"generative-language-api","tosId":"GENERATIVE_LANGUAGE"},"status":"ACCEPTED"}}]}
[debug] [2025-02-11T00:25:15.322Z] Checked if tokens are valid: true, expires at: 1739235138915
[debug] [2025-02-11T00:25:15.323Z] Checked if tokens are valid: true, expires at: 1739235138915
[debug] [2025-02-11T00:25:15.323Z] Checked if tokens are valid: true, expires at: 1739235138915
[debug] [2025-02-11T00:25:15.323Z] Checked if tokens are valid: true, expires at: 1739235138915
[debug] [2025-02-11T00:25:15.323Z] Checked if tokens are valid: true, expires at: 1739235138915
[debug] [2025-02-11T00:25:15.323Z] Checked if tokens are valid: true, expires at: 1739235138915
[debug] [2025-02-11T00:25:15.323Z] Checked if tokens are valid: true, expires at: 1739235138915
[debug] [2025-02-11T00:25:15.323Z] Checked if tokens are valid: true, expires at: 1739235138915
[debug] [2025-02-11T00:25:15.323Z] Checked if tokens are valid: true, expires at: 1739235138915
[debug] [2025-02-11T00:25:15.323Z] Checked if tokens are valid: true, expires at: 1739235138915
[debug] [2025-02-11T00:25:15.324Z] Checked if tokens are valid: true, expires at: 1739235138915
[debug] [2025-02-11T00:25:15.324Z] Checked if tokens are valid: true, expires at: 1739235138915
[debug] [2025-02-11T00:25:15.324Z] >>> [apiv2][query] GET https://serviceusage.googleapis.com/v1/projects/threeangle-studio/services/developerconnect.googleapis.com [none]
[debug] [2025-02-11T00:25:15.324Z] >>> [apiv2][(partial)header] GET https://serviceusage.googleapis.com/v1/projects/threeangle-studio/services/developerconnect.googleapis.com x-goog-quota-user=projects/threeangle-studio
[debug] [2025-02-11T00:25:15.325Z] >>> [apiv2][query] GET https://serviceusage.googleapis.com/v1/projects/threeangle-studio/services/cloudbuild.googleapis.com [none]
[debug] [2025-02-11T00:25:15.325Z] >>> [apiv2][(partial)header] GET https://serviceusage.googleapis.com/v1/projects/threeangle-studio/services/cloudbuild.googleapis.com x-goog-quota-user=projects/threeangle-studio
[debug] [2025-02-11T00:25:15.328Z] >>> [apiv2][query] GET https://serviceusage.googleapis.com/v1/projects/threeangle-studio/services/secretmanager.googleapis.com [none]
[debug] [2025-02-11T00:25:15.328Z] >>> [apiv2][(partial)header] GET https://serviceusage.googleapis.com/v1/projects/threeangle-studio/services/secretmanager.googleapis.com x-goog-quota-user=projects/threeangle-studio
[debug] [2025-02-11T00:25:15.330Z] >>> [apiv2][query] GET https://serviceusage.googleapis.com/v1/projects/threeangle-studio/services/run.googleapis.com [none]
[debug] [2025-02-11T00:25:15.330Z] >>> [apiv2][(partial)header] GET https://serviceusage.googleapis.com/v1/projects/threeangle-studio/services/run.googleapis.com x-goog-quota-user=projects/threeangle-studio
[debug] [2025-02-11T00:25:15.332Z] >>> [apiv2][query] GET https://serviceusage.googleapis.com/v1/projects/threeangle-studio/services/artifactregistry.googleapis.com [none]
[debug] [2025-02-11T00:25:15.332Z] >>> [apiv2][(partial)header] GET https://serviceusage.googleapis.com/v1/projects/threeangle-studio/services/artifactregistry.googleapis.com x-goog-quota-user=projects/threeangle-studio
[debug] [2025-02-11T00:25:15.335Z] >>> [apiv2][query] GET https://serviceusage.googleapis.com/v1/projects/threeangle-studio/services/iam.googleapis.com [none]
[debug] [2025-02-11T00:25:15.335Z] >>> [apiv2][(partial)header] GET https://serviceusage.googleapis.com/v1/projects/threeangle-studio/services/iam.googleapis.com x-goog-quota-user=projects/threeangle-studio
[debug] [2025-02-11T00:25:15.744Z] <<< [apiv2][status] GET https://serviceusage.googleapis.com/v1/projects/threeangle-studio/services/secretmanager.googleapis.com 200
[debug] [2025-02-11T00:25:15.744Z] <<< [apiv2][body] GET https://serviceusage.googleapis.com/v1/projects/threeangle-studio/services/secretmanager.googleapis.com [omitted]
[debug] [2025-02-11T00:25:15.745Z] <<< [apiv2][status] GET https://serviceusage.googleapis.com/v1/projects/threeangle-studio/services/run.googleapis.com 200
[debug] [2025-02-11T00:25:15.745Z] <<< [apiv2][body] GET https://serviceusage.googleapis.com/v1/projects/threeangle-studio/services/run.googleapis.com [omitted]
[debug] [2025-02-11T00:25:15.746Z] <<< [apiv2][status] GET https://serviceusage.googleapis.com/v1/projects/threeangle-studio/services/cloudbuild.googleapis.com 200
[debug] [2025-02-11T00:25:15.746Z] <<< [apiv2][body] GET https://serviceusage.googleapis.com/v1/projects/threeangle-studio/services/cloudbuild.googleapis.com [omitted]
[debug] [2025-02-11T00:25:15.747Z] <<< [apiv2][status] GET https://serviceusage.googleapis.com/v1/projects/threeangle-studio/services/iam.googleapis.com 200
[debug] [2025-02-11T00:25:15.747Z] <<< [apiv2][body] GET https://serviceusage.googleapis.com/v1/projects/threeangle-studio/services/iam.googleapis.com [omitted]
[debug] [2025-02-11T00:25:15.747Z] <<< [apiv2][status] GET https://serviceusage.googleapis.com/v1/projects/threeangle-studio/services/developerconnect.googleapis.com 200
[debug] [2025-02-11T00:25:15.748Z] <<< [apiv2][body] GET https://serviceusage.googleapis.com/v1/projects/threeangle-studio/services/developerconnect.googleapis.com [omitted]
[debug] [2025-02-11T00:25:15.748Z] <<< [apiv2][status] GET https://serviceusage.googleapis.com/v1/projects/threeangle-studio/services/artifactregistry.googleapis.com 200
[debug] [2025-02-11T00:25:15.748Z] <<< [apiv2][body] GET https://serviceusage.googleapis.com/v1/projects/threeangle-studio/services/artifactregistry.googleapis.com [omitted]
[debug] [2025-02-11T00:25:15.749Z] Checked if tokens are valid: true, expires at: 1739235138915
[debug] [2025-02-11T00:25:15.749Z] Checked if tokens are valid: true, expires at: 1739235138915
[debug] [2025-02-11T00:25:15.749Z] >>> [apiv2][query] POST https://iam.googleapis.com/v1/projects/threeangle-studio/serviceAccounts/firebase-app-hosting-compute@threeangle-studio.iam.gserviceaccount.com:testIamPermissions [none]
[debug] [2025-02-11T00:25:15.749Z] >>> [apiv2][(partial)header] POST https://iam.googleapis.com/v1/projects/threeangle-studio/serviceAccounts/firebase-app-hosting-compute@threeangle-studio.iam.gserviceaccount.com:testIamPermissions x-goog-quota-user=projects/threeangle-studio
[debug] [2025-02-11T00:25:15.750Z] >>> [apiv2][body] POST https://iam.googleapis.com/v1/projects/threeangle-studio/serviceAccounts/firebase-app-hosting-compute@threeangle-studio.iam.gserviceaccount.com:testIamPermissions {"permissions":["iam.serviceAccounts.actAs"]}
[debug] [2025-02-11T00:25:16.024Z] <<< [apiv2][status] POST https://iam.googleapis.com/v1/projects/threeangle-studio/serviceAccounts/firebase-app-hosting-compute@threeangle-studio.iam.gserviceaccount.com:testIamPermissions 200
[debug] [2025-02-11T00:25:16.024Z] <<< [apiv2][body] POST https://iam.googleapis.com/v1/projects/threeangle-studio/serviceAccounts/firebase-app-hosting-compute@threeangle-studio.iam.gserviceaccount.com:testIamPermissions {"permissions":["iam.serviceAccounts.actAs"]}
[debug] [2025-02-11T00:25:16.025Z] Checked if tokens are valid: true, expires at: 1739235138915
[debug] [2025-02-11T00:25:16.025Z] Checked if tokens are valid: true, expires at: 1739235138915
[debug] [2025-02-11T00:25:16.026Z] >>> [apiv2][query] GET https://firebaseapphosting.googleapis.com/v1beta/projects/threeangle-studio/locations 
[debug] [2025-02-11T00:25:16.388Z] <<< [apiv2][status] GET https://firebaseapphosting.googleapis.com/v1beta/projects/threeangle-studio/locations 200
[debug] [2025-02-11T00:25:16.388Z] <<< [apiv2][body] GET https://firebaseapphosting.googleapis.com/v1beta/projects/threeangle-studio/locations {"locations":[{"name":"projects/threeangle-studio/locations/asia-east1","locationId":"asia-east1","displayName":"Taiwan"},{"name":"projects/threeangle-studio/locations/europe-west4","locationId":"europe-west4","displayName":"Netherlands"},{"name":"projects/threeangle-studio/locations/us-central1","locationId":"us-central1","displayName":"Iowa"}]}
[info] i  === Import a GitHub repository 
[debug] [2025-02-11T00:25:16.389Z] Checked if tokens are valid: true, expires at: 1739235138915
[debug] [2025-02-11T00:25:16.389Z] Checked if tokens are valid: true, expires at: 1739235138915
[debug] [2025-02-11T00:25:16.390Z] >>> [apiv2][query] GET https://developerconnect.googleapis.com/v1/projects/threeangle-studio/locations/us-central1/connections/firebase-app-hosting-github-oauth [none]
[debug] [2025-02-11T00:25:16.733Z] <<< [apiv2][status] GET https://developerconnect.googleapis.com/v1/projects/threeangle-studio/locations/us-central1/connections/firebase-app-hosting-github-oauth 200
[debug] [2025-02-11T00:25:16.734Z] <<< [apiv2][body] GET https://developerconnect.googleapis.com/v1/projects/threeangle-studio/locations/us-central1/connections/firebase-app-hosting-github-oauth {"name":"projects/threeangle-studio/locations/us-central1/connections/firebase-app-hosting-github-oauth","createTime":"2025-02-11T00:16:56.979916860Z","updateTime":"2025-02-11T00:16:57.042734614Z","githubConfig":{"githubApp":"FIREBASE"},"installationState":{"stage":"PENDING_USER_OAUTH","message":"Please log in to https://github.com using a robot account and then follow this link to authorize Developer Connect to access that account. After authorization, your GitHub authorization token will be stored in Cloud Secret Manager.","actionUri":"https://accounts.google.com/AccountChooser?continue=https%3A%2F%2Fconsole.cloud.google.com%2Fdeveloper-connect%2Ffinish-setup%3Fstate%3D%257B%2522connection%2522%253A%2B%2522projects%252Fthreeangle-studio%252Flocations%252Fus-central1%252Fconnections%252Ffirebase-app-hosting-github-oauth%2522%257D"}}
[info] i  Please authorize the Firebase GitHub app by visiting this url: 
[info] i  	http://localhost:9005 
[debug] [2025-02-11T00:28:13.395Z] Checked if tokens are valid: true, expires at: 1739235138915
[debug] [2025-02-11T00:28:13.396Z] Checked if tokens are valid: true, expires at: 1739235138915
[debug] [2025-02-11T00:28:13.396Z] >>> [apiv2][query] GET https://developerconnect.googleapis.com/v1/projects/threeangle-studio/locations/us-central1/connections/firebase-app-hosting-github-oauth [none]
[debug] [2025-02-11T00:28:13.708Z] <<< [apiv2][status] GET https://developerconnect.googleapis.com/v1/projects/threeangle-studio/locations/us-central1/connections/firebase-app-hosting-github-oauth 200
[debug] [2025-02-11T00:28:13.708Z] <<< [apiv2][body] GET https://developerconnect.googleapis.com/v1/projects/threeangle-studio/locations/us-central1/connections/firebase-app-hosting-github-oauth {"name":"projects/threeangle-studio/locations/us-central1/connections/firebase-app-hosting-github-oauth","createTime":"2025-02-11T00:16:56.979916860Z","updateTime":"2025-02-11T00:26:18.038975033Z","githubConfig":{"githubApp":"FIREBASE","authorizerCredential":{"oauthTokenSecretVersion":"projects/threeangle-studio/secrets/firebase-app-hosting-github-oauth-github-oauthtoken-a0619a/versions/latest","username":"Margarita215729"},"appInstallationId":"60857238","installationUri":"https://github.com/settings/installations/60857238"},"installationState":{"stage":"COMPLETE"}}
[info] ✔  Connected with GitHub successfully
 
[debug] [2025-02-11T00:28:13.709Z] Checked if tokens are valid: true, expires at: 1739235138915
[debug] [2025-02-11T00:28:13.709Z] Checked if tokens are valid: true, expires at: 1739235138915
[debug] [2025-02-11T00:28:13.709Z] >>> [apiv2][query] GET https://developerconnect.googleapis.com/v1/projects/threeangle-studio/locations/us-central1/connections/firebase-app-hosting-github-oauth:fetchGitHubInstallations [none]
[debug] [2025-02-11T00:28:14.118Z] <<< [apiv2][status] GET https://developerconnect.googleapis.com/v1/projects/threeangle-studio/locations/us-central1/connections/firebase-app-hosting-github-oauth:fetchGitHubInstallations 200
[debug] [2025-02-11T00:28:14.118Z] <<< [apiv2][body] GET https://developerconnect.googleapis.com/v1/projects/threeangle-studio/locations/us-central1/connections/firebase-app-hosting-github-oauth:fetchGitHubInstallations {"installations":[{"id":"60857238","name":"Margarita215729","type":"user"}]}
[debug] [2025-02-11T00:28:21.887Z] Checked if tokens are valid: true, expires at: 1739235138915
[debug] [2025-02-11T00:28:21.887Z] Checked if tokens are valid: true, expires at: 1739235138915
[debug] [2025-02-11T00:28:21.889Z] >>> [apiv2][query] GET https://developerconnect.googleapis.com/v1/projects/threeangle-studio/locations/us-central1/connections pageSize=1000&pageToken=
[debug] [2025-02-11T00:28:22.183Z] <<< [apiv2][status] GET https://developerconnect.googleapis.com/v1/projects/threeangle-studio/locations/us-central1/connections 200
[debug] [2025-02-11T00:28:22.183Z] <<< [apiv2][body] GET https://developerconnect.googleapis.com/v1/projects/threeangle-studio/locations/us-central1/connections {"connections":[{"name":"projects/threeangle-studio/locations/us-central1/connections/firebase-app-hosting-github-oauth","createTime":"2025-02-11T00:16:56.979916860Z","updateTime":"2025-02-11T00:26:18.038975033Z","githubConfig":{"githubApp":"FIREBASE","authorizerCredential":{"oauthTokenSecretVersion":"projects/threeangle-studio/secrets/firebase-app-hosting-github-oauth-github-oauthtoken-a0619a/versions/latest","username":"Margarita215729"},"appInstallationId":"60857238","installationUri":"https://github.com/settings/installations/60857238"},"installationState":{"stage":"COMPLETE"}}]}
[debug] [2025-02-11T00:28:22.185Z] Checked if tokens are valid: true, expires at: 1739235138915
[debug] [2025-02-11T00:28:22.185Z] Checked if tokens are valid: true, expires at: 1739235138915
[debug] [2025-02-11T00:28:22.185Z] >>> [apiv2][query] POST https://developerconnect.googleapis.com/v1/projects/threeangle-studio/locations/us-central1/connections connectionId=apphosting-github-conn-hxd39n8
[debug] [2025-02-11T00:28:22.185Z] >>> [apiv2][body] POST https://developerconnect.googleapis.com/v1/projects/threeangle-studio/locations/us-central1/connections {"githubConfig":{"appInstallationId":"60857238","authorizerCredential":{"oauthTokenSecretVersion":"projects/threeangle-studio/secrets/firebase-app-hosting-github-oauth-github-oauthtoken-a0619a/versions/latest","username":"Margarita215729"},"githubApp":"FIREBASE"}}
[debug] [2025-02-11T00:28:22.380Z] <<< [apiv2][status] POST https://developerconnect.googleapis.com/v1/projects/threeangle-studio/locations/us-central1/connections 200
[debug] [2025-02-11T00:28:22.381Z] <<< [apiv2][body] POST https://developerconnect.googleapis.com/v1/projects/threeangle-studio/locations/us-central1/connections {"name":"projects/threeangle-studio/locations/us-central1/operations/operation-1739233702401-62dd2e70356bc-750028bd-023d62f3","metadata":{"@type":"type.googleapis.com/google.cloud.developerconnect.v1.OperationMetadata","createTime":"2025-02-11T00:28:22.464108518Z","target":"projects/threeangle-studio/locations/us-central1/connections/apphosting-github-conn-hxd39n8","verb":"create","requestedCancellation":false,"apiVersion":"v1"},"done":false}
[debug] [2025-02-11T00:28:22.383Z] Checked if tokens are valid: true, expires at: 1739235138915
[debug] [2025-02-11T00:28:22.383Z] Checked if tokens are valid: true, expires at: 1739235138915
[debug] [2025-02-11T00:28:22.383Z] >>> [apiv2][query] GET https://developerconnect.googleapis.com/v1/projects/threeangle-studio/locations/us-central1/operations/operation-1739233702401-62dd2e70356bc-750028bd-023d62f3 [none]
[debug] [2025-02-11T00:28:22.485Z] <<< [apiv2][status] GET https://developerconnect.googleapis.com/v1/projects/threeangle-studio/locations/us-central1/operations/operation-1739233702401-62dd2e70356bc-750028bd-023d62f3 200
[debug] [2025-02-11T00:28:22.486Z] <<< [apiv2][body] GET https://developerconnect.googleapis.com/v1/projects/threeangle-studio/locations/us-central1/operations/operation-1739233702401-62dd2e70356bc-750028bd-023d62f3 {"name":"projects/threeangle-studio/locations/us-central1/operations/operation-1739233702401-62dd2e70356bc-750028bd-023d62f3","metadata":{"@type":"type.googleapis.com/google.cloud.developerconnect.v1.OperationMetadata","createTime":"2025-02-11T00:28:22.464108518Z","target":"projects/threeangle-studio/locations/us-central1/connections/apphosting-github-conn-hxd39n8","verb":"create","requestedCancellation":false,"apiVersion":"v1"},"done":false}
[debug] [2025-02-11T00:28:22.987Z] [create-us-central1-apphosting-github-conn-hxd39n8] Retrying task index 0
[debug] [2025-02-11T00:28:22.987Z] Checked if tokens are valid: true, expires at: 1739235138915
[debug] [2025-02-11T00:28:22.987Z] Checked if tokens are valid: true, expires at: 1739235138915
[debug] [2025-02-11T00:28:22.988Z] >>> [apiv2][query] GET https://developerconnect.googleapis.com/v1/projects/threeangle-studio/locations/us-central1/operations/operation-1739233702401-62dd2e70356bc-750028bd-023d62f3 [none]
[debug] [2025-02-11T00:28:23.071Z] <<< [apiv2][status] GET https://developerconnect.googleapis.com/v1/projects/threeangle-studio/locations/us-central1/operations/operation-1739233702401-62dd2e70356bc-750028bd-023d62f3 200
[debug] [2025-02-11T00:28:23.071Z] <<< [apiv2][body] GET https://developerconnect.googleapis.com/v1/projects/threeangle-studio/locations/us-central1/operations/operation-1739233702401-62dd2e70356bc-750028bd-023d62f3 {"name":"projects/threeangle-studio/locations/us-central1/operations/operation-1739233702401-62dd2e70356bc-750028bd-023d62f3","metadata":{"@type":"type.googleapis.com/google.cloud.developerconnect.v1.OperationMetadata","createTime":"2025-02-11T00:28:22.464108518Z","endTime":"2025-02-11T00:28:22.966465911Z","target":"projects/threeangle-studio/locations/us-central1/connections/apphosting-github-conn-hxd39n8","verb":"create","requestedCancellation":false,"apiVersion":"v1"},"done":true,"response":{"@type":"type.googleapis.com/google.cloud.developerconnect.v1.Connection","name":"projects/threeangle-studio/locations/us-central1/connections/apphosting-github-conn-hxd39n8","createTime":"2025-02-11T00:28:22.456987110Z","updateTime":"2025-02-11T00:28:22.456987110Z","githubConfig":{"githubApp":"FIREBASE","authorizerCredential":{"oauthTokenSecretVersion":"projects/threeangle-studio/secrets/firebase-app-hosting-github-oauth-github-oauthtoken-a0619a/versions/latest","username":"Margarita215729"},"appInstallationId":"60857238","installationUri":"https://github.com/settings/installations/60857238"},"installationState":{"stage":"COMPLETE"}}}
[debug] [2025-02-11T00:28:23.072Z] Checked if tokens are valid: true, expires at: 1739235138915
[debug] [2025-02-11T00:28:23.072Z] Checked if tokens are valid: true, expires at: 1739235138915
[debug] [2025-02-11T00:28:23.072Z] >>> [apiv2][query] GET https://developerconnect.googleapis.com/v1/projects/threeangle-studio/locations/us-central1/connections/apphosting-github-conn-hxd39n8:fetchLinkableGitRepositories pageSize=1000&pageToken=
[debug] [2025-02-11T00:28:23.742Z] <<< [apiv2][status] GET https://developerconnect.googleapis.com/v1/projects/threeangle-studio/locations/us-central1/connections/apphosting-github-conn-hxd39n8:fetchLinkableGitRepositories 200
[debug] [2025-02-11T00:28:23.743Z] <<< [apiv2][body] GET https://developerconnect.googleapis.com/v1/projects/threeangle-studio/locations/us-central1/connections/apphosting-github-conn-hxd39n8:fetchLinkableGitRepositories {"linkableGitRepositories":[{"cloneUri":"https://github.com/Margarita215729/0_git_basics.git"},{"cloneUri":"https://github.com/Margarita215729/labs_4sem.git"},{"cloneUri":"https://github.com/Margarita215729/Makeeva.git"},{"cloneUri":"https://github.com/Margarita215729/Margarita_Makeeva.git"},{"cloneUri":"https://github.com/Margarita215729/portfolio.git"},{"cloneUri":"https://github.com/Margarita215729/ThreeAngleStudio.git"},{"cloneUri":"https://github.com/Margarita215729/Web-Elements.git"}]}
[info] i  Manage the Firebase App Hosting GitHub app to enable access to GitHub repositories 
[info] i  https://github.com/settings/installations/60857238 
[debug] [2025-02-11T00:31:44.057Z] Checked if tokens are valid: true, expires at: 1739235138915
[debug] [2025-02-11T00:31:44.057Z] Checked if tokens are valid: true, expires at: 1739235138915
[debug] [2025-02-11T00:31:44.058Z] >>> [apiv2][query] GET https://developerconnect.googleapis.com/v1/projects/threeangle-studio/locations/us-central1/connections/apphosting-github-conn-hxd39n8:fetchLinkableGitRepositories pageSize=1000&pageToken=
[debug] [2025-02-11T00:31:44.719Z] <<< [apiv2][status] GET https://developerconnect.googleapis.com/v1/projects/threeangle-studio/locations/us-central1/connections/apphosting-github-conn-hxd39n8:fetchLinkableGitRepositories 200
[debug] [2025-02-11T00:31:44.720Z] <<< [apiv2][body] GET https://developerconnect.googleapis.com/v1/projects/threeangle-studio/locations/us-central1/connections/apphosting-github-conn-hxd39n8:fetchLinkableGitRepositories {"linkableGitRepositories":[{"cloneUri":"https://github.com/Margarita215729/0_git_basics.git"},{"cloneUri":"https://github.com/Margarita215729/labs_4sem.git"},{"cloneUri":"https://github.com/Margarita215729/Makeeva.git"},{"cloneUri":"https://github.com/Margarita215729/Margarita_Makeeva.git"},{"cloneUri":"https://github.com/Margarita215729/portfolio.git"},{"cloneUri":"https://github.com/Margarita215729/ThreeAngle-Studio.git"},{"cloneUri":"https://github.com/Margarita215729/ThreeAngleStudio.git"},{"cloneUri":"https://github.com/Margarita215729/Web-Elements.git"}]}
[debug] [2025-02-11T00:32:00.610Z] Checked if tokens are valid: true, expires at: 1739235138915
[debug] [2025-02-11T00:32:00.610Z] Checked if tokens are valid: true, expires at: 1739235138915
[debug] [2025-02-11T00:32:00.610Z] >>> [apiv2][query] GET https://developerconnect.googleapis.com/v1/projects/threeangle-studio/locations/us-central1/connections/apphosting-github-conn-hxd39n8 [none]
[debug] [2025-02-11T00:32:00.931Z] <<< [apiv2][status] GET https://developerconnect.googleapis.com/v1/projects/threeangle-studio/locations/us-central1/connections/apphosting-github-conn-hxd39n8 200
[debug] [2025-02-11T00:32:00.932Z] <<< [apiv2][body] GET https://developerconnect.googleapis.com/v1/projects/threeangle-studio/locations/us-central1/connections/apphosting-github-conn-hxd39n8 {"name":"projects/threeangle-studio/locations/us-central1/connections/apphosting-github-conn-hxd39n8","createTime":"2025-02-11T00:28:22.456987110Z","updateTime":"2025-02-11T00:28:22.983809836Z","githubConfig":{"githubApp":"FIREBASE","authorizerCredential":{"oauthTokenSecretVersion":"projects/threeangle-studio/secrets/firebase-app-hosting-github-oauth-github-oauthtoken-a0619a/versions/latest","username":"Margarita215729"},"appInstallationId":"60857238","installationUri":"https://github.com/settings/installations/60857238"},"installationState":{"stage":"COMPLETE"}}
[debug] [2025-02-11T00:32:00.933Z] Checked if tokens are valid: true, expires at: 1739235138915
[debug] [2025-02-11T00:32:00.933Z] Checked if tokens are valid: true, expires at: 1739235138915
[debug] [2025-02-11T00:32:00.933Z] >>> [apiv2][query] GET https://developerconnect.googleapis.com/v1/projects/threeangle-studio/locations/us-central1/connections/apphosting-github-conn-hxd39n8/gitRepositoryLinks/Margarita215729-ThreeAngle-Studio [none]
[debug] [2025-02-11T00:32:01.026Z] <<< [apiv2][status] GET https://developerconnect.googleapis.com/v1/projects/threeangle-studio/locations/us-central1/connections/apphosting-github-conn-hxd39n8/gitRepositoryLinks/Margarita215729-ThreeAngle-Studio 404
[debug] [2025-02-11T00:32:01.026Z] <<< [apiv2][body] GET https://developerconnect.googleapis.com/v1/projects/threeangle-studio/locations/us-central1/connections/apphosting-github-conn-hxd39n8/gitRepositoryLinks/Margarita215729-ThreeAngle-Studio {"error":{"code":404,"message":"Resource 'projects/threeangle-studio/locations/us-central1/connections/apphosting-github-conn-hxd39n8/gitRepositoryLinks/Margarita215729-ThreeAngle-Studio' was not found","status":"NOT_FOUND","details":[{"@type":"type.googleapis.com/google.rpc.ResourceInfo","resourceName":"projects/threeangle-studio/locations/us-central1/connections/apphosting-github-conn-hxd39n8/gitRepositoryLinks/Margarita215729-ThreeAngle-Studio"}]}}
[debug] [2025-02-11T00:32:01.028Z] Checked if tokens are valid: true, expires at: 1739235138915
[debug] [2025-02-11T00:32:01.028Z] Checked if tokens are valid: true, expires at: 1739235138915
[debug] [2025-02-11T00:32:01.029Z] >>> [apiv2][query] POST https://developerconnect.googleapis.com/v1/projects/threeangle-studio/locations/us-central1/connections/apphosting-github-conn-hxd39n8/gitRepositoryLinks gitRepositoryLinkId=Margarita215729-ThreeAngle-Studio
[debug] [2025-02-11T00:32:01.029Z] >>> [apiv2][body] POST https://developerconnect.googleapis.com/v1/projects/threeangle-studio/locations/us-central1/connections/apphosting-github-conn-hxd39n8/gitRepositoryLinks {"cloneUri":"https://github.com/Margarita215729/ThreeAngle-Studio.git"}
[debug] [2025-02-11T00:32:01.159Z] <<< [apiv2][status] POST https://developerconnect.googleapis.com/v1/projects/threeangle-studio/locations/us-central1/connections/apphosting-github-conn-hxd39n8/gitRepositoryLinks 200
[debug] [2025-02-11T00:32:01.160Z] <<< [apiv2][body] POST https://developerconnect.googleapis.com/v1/projects/threeangle-studio/locations/us-central1/connections/apphosting-github-conn-hxd39n8/gitRepositoryLinks {"name":"projects/threeangle-studio/locations/us-central1/operations/operation-1739233921246-62dd2f40ea631-f06acb29-e9da3a2b","metadata":{"@type":"type.googleapis.com/google.cloud.developerconnect.v1.OperationMetadata","createTime":"2025-02-11T00:32:01.258261646Z","target":"projects/threeangle-studio/locations/us-central1/connections/apphosting-github-conn-hxd39n8/gitRepositoryLinks/Margarita215729-ThreeAngle-Studio","verb":"create","requestedCancellation":false,"apiVersion":"v1"},"done":false}
[debug] [2025-02-11T00:32:01.160Z] Checked if tokens are valid: true, expires at: 1739235138915
[debug] [2025-02-11T00:32:01.161Z] Checked if tokens are valid: true, expires at: 1739235138915
[debug] [2025-02-11T00:32:01.161Z] >>> [apiv2][query] GET https://developerconnect.googleapis.com/v1/projects/threeangle-studio/locations/us-central1/operations/operation-1739233921246-62dd2f40ea631-f06acb29-e9da3a2b [none]
[debug] [2025-02-11T00:32:01.260Z] <<< [apiv2][status] GET https://developerconnect.googleapis.com/v1/projects/threeangle-studio/locations/us-central1/operations/operation-1739233921246-62dd2f40ea631-f06acb29-e9da3a2b 200
[debug] [2025-02-11T00:32:01.260Z] <<< [apiv2][body] GET https://developerconnect.googleapis.com/v1/projects/threeangle-studio/locations/us-central1/operations/operation-1739233921246-62dd2f40ea631-f06acb29-e9da3a2b {"name":"projects/threeangle-studio/locations/us-central1/operations/operation-1739233921246-62dd2f40ea631-f06acb29-e9da3a2b","metadata":{"@type":"type.googleapis.com/google.cloud.developerconnect.v1.OperationMetadata","createTime":"2025-02-11T00:32:01.258261646Z","target":"projects/threeangle-studio/locations/us-central1/connections/apphosting-github-conn-hxd39n8/gitRepositoryLinks/Margarita215729-ThreeAngle-Studio","verb":"create","requestedCancellation":false,"apiVersion":"v1"},"done":false}
[debug] [2025-02-11T00:32:01.762Z] [create-us-central1-apphosting-github-conn-hxd39n8-Margarita215729-ThreeAngle-Studio] Retrying task index 0
[debug] [2025-02-11T00:32:01.763Z] Checked if tokens are valid: true, expires at: 1739235138915
[debug] [2025-02-11T00:32:01.763Z] Checked if tokens are valid: true, expires at: 1739235138915
[debug] [2025-02-11T00:32:01.763Z] >>> [apiv2][query] GET https://developerconnect.googleapis.com/v1/projects/threeangle-studio/locations/us-central1/operations/operation-1739233921246-62dd2f40ea631-f06acb29-e9da3a2b [none]
[debug] [2025-02-11T00:32:02.007Z] <<< [apiv2][status] GET https://developerconnect.googleapis.com/v1/projects/threeangle-studio/locations/us-central1/operations/operation-1739233921246-62dd2f40ea631-f06acb29-e9da3a2b 200
[debug] [2025-02-11T00:32:02.007Z] <<< [apiv2][body] GET https://developerconnect.googleapis.com/v1/projects/threeangle-studio/locations/us-central1/operations/operation-1739233921246-62dd2f40ea631-f06acb29-e9da3a2b {"name":"projects/threeangle-studio/locations/us-central1/operations/operation-1739233921246-62dd2f40ea631-f06acb29-e9da3a2b","metadata":{"@type":"type.googleapis.com/google.cloud.developerconnect.v1.OperationMetadata","createTime":"2025-02-11T00:32:01.258261646Z","endTime":"2025-02-11T00:32:01.624666109Z","target":"projects/threeangle-studio/locations/us-central1/connections/apphosting-github-conn-hxd39n8/gitRepositoryLinks/Margarita215729-ThreeAngle-Studio","verb":"create","requestedCancellation":false,"apiVersion":"v1"},"done":true,"response":{"@type":"type.googleapis.com/google.cloud.developerconnect.v1.GitRepositoryLink","name":"projects/threeangle-studio/locations/us-central1/connections/apphosting-github-conn-hxd39n8/gitRepositoryLinks/Margarita215729-ThreeAngle-Studio","cloneUri":"https://github.com/Margarita215729/ThreeAngle-Studio.git","createTime":"2025-02-11T00:32:01.251406696Z","updateTime":"2025-02-11T00:32:01.251406696Z"}}
